This is TeX, Version 3.14159 (Web2C 7.3.1) (format=latex 2000.9.1)  22 APR 2001 00:02
**paper.tex
(paper.tex
LaTeX2e <1999/12/01> patch level 1
Babel <v3.6Z> and hyphenation patterns for american, french, german, ngerman, n
ohyphenation, loaded.
(/usr/local/share/texmf/tex/latex/base/latex209.def
File: latex209.def 1998/05/13 v0.52 Standard LaTeX file


          Entering LaTeX 2.09 COMPATIBILITY MODE
 *************************************************************
    !!WARNING!!    !!WARNING!!    !!WARNING!!    !!WARNING!!   
 
 This mode attempts to provide an emulation of the LaTeX 2.09
 author environment so that OLD documents can be successfully
 processed. It should NOT be used for NEW documents!
 
 New documents should use Standard LaTeX conventions and start
 with the \documentclass command.
 
 Compatibility mode is UNLIKELY TO WORK with LaTeX 2.09 style
 files that change any internal macros, especially not with
 those that change the FONT SELECTION or OUTPUT ROUTINES.
 
 Therefore such style files MUST BE UPDATED to use
          Current Standard LaTeX: LaTeX2e.
 If you suspect that you may be using such a style file, which
 is probably very, very old by now, then you should attempt to
 get it updated by sending a copy of this error message to the
 author of that file.
 *************************************************************

\footheight=\dimen102
\@maxsep=\dimen103
\@dblmaxsep=\dimen104
\@cla=\count79
\@clb=\count80
\mscount=\count81
(/usr/local/share/texmf/tex/latex/base/tracefnt.sty
Package: tracefnt 1997/05/29 v3.0j Standard LaTeX package (font tracing)
\tracingfonts=\count82
LaTeX Info: Redefining \selectfont on input line 96.
)
\symbold=\mathgroup4
\symsans=\mathgroup5
\symtypewriter=\mathgroup6
\symitalic=\mathgroup7
\symsmallcaps=\mathgroup8
\symslanted=\mathgroup9
LaTeX Font Info:    Redeclaring math alphabet \mathbf on input line 288.
LaTeX Font Info:    Redeclaring math alphabet \mathsf on input line 289.
LaTeX Font Info:    Redeclaring math alphabet \mathtt on input line 290.
LaTeX Font Info:    Redeclaring math alphabet \mathit on input line 296.
LaTeX Info: Redefining \em on input line 306.

(/usr/local/share/texmf/tex/latex/base/latexsym.sty
Package: latexsym 1998/08/17 v2.2e Standard LaTeX package (lasy symbols)
\symlasy=\mathgroup10
LaTeX Font Info:    Overwriting symbol font `lasy' in version `bold'
(Font)                  U/lasy/m/n --> U/lasy/b/n on input line 42.
)
LaTeX Font Info:    Redeclaring math delimiter \lgroup on input line 370.
LaTeX Font Info:    Redeclaring math delimiter \rgroup on input line 372.
LaTeX Font Info:    Redeclaring math delimiter \bracevert on input line 374.

(/usr/local/share/texmf/tex/latex/config/latex209.cfg)
(/usr/local/share/texmf/tex/latex/tools/rawfonts.sty
Package: rawfonts 1994/05/08 Low-level LaTeX 2.09 font compatibility

(/usr/local/share/texmf/tex/latex/tools/somedefs.sty
Package: somedefs 1994/06/01 Toolkit for optional definitions
)
LaTeX Font Info:    Try loading font information for U+lasy on input line 44.

(/usr/local/share/texmf/tex/latex/base/ulasy.fd
File: ulasy.fd 1998/08/17 v2.2eLaTeX symbol font definitions
)))
Compatibility mode: loading ireport.sty rather than ireport.cls.
 (ireport.sty
Document Style `ireport' <26 Apr 88>.
(rep12.sty)
\descriptionmargin=\dimen105
\c@part=\count83
\c@chapter=\count84
\c@section=\count85
\c@subsection=\count86
\c@subsubsection=\count87
\c@paragraph=\count88
\c@subparagraph=\count89
\c@figure=\count90
\c@table=\count91
 (titlepage.sty)) (thesis.sty
(/usr/local/share/texmf/tex/generic/misc/psfig.sty
\@unused=\write3
\ps@stream=\read1
\p@intvaluex=\dimen106
\p@intvaluey=\dimen107

psfig/tex 1.10-dvips
)
!! Thesis style !!
\bibindent=\dimen108
) (/usr/local/share/texmf/tex/generic/misc/psfig.sty) (paper.aux)
\openout1 = `paper.aux'.

LaTeX Font Info:    Checking defaults for OML/cmm/m/it on input line 29.
LaTeX Font Info:    ... okay on input line 29.
LaTeX Font Info:    Checking defaults for T1/cmr/m/n on input line 29.
LaTeX Font Info:    ... okay on input line 29.
LaTeX Font Info:    Checking defaults for OT1/cmr/m/n on input line 29.
LaTeX Font Info:    ... okay on input line 29.
LaTeX Font Info:    Checking defaults for OMS/cmsy/m/n on input line 29.
LaTeX Font Info:    ... okay on input line 29.
LaTeX Font Info:    Checking defaults for OMX/cmex/m/n on input line 29.
LaTeX Font Info:    ... okay on input line 29.
LaTeX Font Info:    Checking defaults for U/cmr/m/n on input line 29.
LaTeX Font Info:    ... okay on input line 29.
LaTeX Font Info:    External font `cmex10' loaded for size
(Font)              <12> on input line 32.
LaTeX Font Info:    External font `cmex10' loaded for size
(Font)              <8> on input line 32.
LaTeX Font Info:    External font `cmex10' loaded for size
(Font)              <6> on input line 32.
 [1

] [1]
(abstract.tex) [2] (dedication.tex) [3] (ack.tex) [4] (paper.toc [5]
Underfull \hbox (badness 10000) in paragraph at lines 39--39
 []  
 []

)
\tf@toc=\write4
\openout4 = `paper.toc'.

 [6] (paper.lof [7])
\tf@lof=\write5
\openout5 = `paper.lof'.

 [8]
CHAPTER 1.
(intro.tex [1

]) [2]
CHAPTER 2.
(back.tex
LaTeX Font Info:    External font `cmex10' loaded for size
(Font)              <14.4> on input line 5.
LaTeX Font Info:    External font `cmex10' loaded for size
(Font)              <7> on input line 5.
 (corba.tex [3

]
psfig: searching Figures/RequestPassing.eps for bounding box
psfig: including Figures/RequestPassing.eps 
psfig: searching Figures/ORB2ORB.eps for bounding box
psfig: including Figures/ORB2ORB.eps 
) [4] (idl.tex [5]
psfig: searching Figures/BasicIDLTypes.eps for bounding box
psfig: including Figures/BasicIDLTypes.eps 
) [6] (orbit.tex) (ml_c_interface.tex) (ml_type_system.tex [7])) [8]
CHAPTER 3.
(implement.tex [9

] [10]
psfig: searching Figures/corbinIDLStubs.eps for bounding box
psfig: including Figures/corbinIDLStubs.eps 
[11] [12] [13]
psfig: searching Figures/corbinIDLSkels.eps for bounding box
psfig: including Figures/corbinIDLSkels.eps 
[14] [15] [16] [17]
psfig: searching Figures/CORBinVisual.eps for bounding box
psfig: including Figures/CORBinVisual.eps 
psfig: searching Figures/CorbinLibrary.eps for bounding box
psfig: including Figures/CorbinLibrary.eps 
) [18] [19]
CHAPTER 4.
(study.tex
psfig: searching Figures/SyrupComponentDiagram.eps for bounding box
psfig: including Figures/SyrupComponentDiagram.eps 
[20

]
psfig: searching Figures/SyrupManagerUseCases.eps for bounding box
psfig: including Figures/SyrupManagerUseCases.eps 
[21] [22]
psfig: searching Figures/SyrupClientUseCases.eps for bounding box
psfig: including Figures/SyrupClientUseCases.eps 
psfig: searching Figures/SyrupManagerClassDiagram.eps for bounding box
psfig: including Figures/SyrupManagerClassDiagram.eps 
psfig: searching Figures/SyrupClientClassDiagram.eps for bounding box
psfig: including Figures/SyrupClientClassDiagram.eps 
[23] [24] [25] [26] [27] [28]
psfig: searching Figures/syrup_screen_shot.eps for bounding box
psfig: including Figures/syrup_screen_shot.eps 
[29]
psfig: searching Figures/PerformanceResults.eps for bounding box
psfig: including Figures/PerformanceResults.eps 
) [30] [31] [32] [33] [34] [35] [36]
CHAPTER 5.
(summary.tex (conclude.tex)) [37

] [38]
CHAPTER 6.
(appendix.tex (idl_gram.tex [39

] [40] [41] [42] [43]) (ml_impl.tex [44])
(ml_impl_utility.tex [45] [46])) [47] (paper.bbl
CHAPTER 7.
) [48

] (paper.aux) ) 
Here is how much of TeX's memory you used:
 860 strings out of 10901
 9075 string characters out of 72189
 66782 words of memory out of 263001
 3748 multiletter control sequences out of 10000+0
 25708 words of font info for 95 fonts, out of 400000 for 1000
 14 hyphenation exceptions out of 1000
 25i,5n,22p,304b,289s stack positions out of 300i,100n,500p,50000b,4000s

Output written on paper.dvi (57 pages, 101092 bytes).
